successArray
(
    [s] => /im/app/notify
    [gmt_create] => 2020-07-25 23:26:23
    [charset] => utf-8
    [seller_email] => 17612111673@163.com
    [subject] => 用户充值订单
    [sign] => DUfV0ni/ppXLcvPX9G8VxdXDLCFsCzOK/0/X31BgW9XDPsQ9gxey5rOf+EyX2gVoNY4NSmuUxZ7rPH19z2dbHampU2lwSMjnV9zEU2WhlZfi2DbtuUgwJJxKGc0iCf5O+LaIvT6Nu8Ww42jAym6Pra6a9GRr2dyNWKarm4BgHtpMkJkn4xUjsUiiVrVQDT79I7TEQxYQUiy9hLtLgYiEaryu7ndTthaVNTKVkLPxScINa8oTiB3lxqyxuZ5jWenw/QVKdf6zAUG1/OsY7ofuvDZak/N6+iJ2pk0bJSfqC/vZBr7emkwcdxlabNdlk/ebVjRLZUXtCmcIfJpTipabTA==
    [buyer_id] => 2088402861007963
    [invoice_amount] => 0.01
    [notify_id] => 2020072500222232624007961431866112
    [fund_bill_list] => [{"amount":"0.01","fundChannel":"ALIPAYACCOUNT"}]
    [notify_type] => trade_status_sync
    [trade_status] => TRADE_SUCCESS
    [receipt_amount] => 0.01
    [app_id] => 2021001109607866
    [buyer_pay_amount] => 0.01
    [sign_type] => RSA2
    [seller_id] => 2088531452814724
    [gmt_payment] => 2020-07-25 23:26:24
    [notify_time] => 2020-07-25 23:26:25
    [version] => 1.0
    [out_trade_no] => 4BCF8F2260F0309D623844B92473330A
    [total_amount] => 0.01
    [trade_no] => 2020072522001407961426750099
    [auth_app_id] => 2021001109607866
    [buyer_logon_id] => 317***@qq.com
    [point_amount] => 0.00
)

Array
(
    [s] => /im/app/notify
    [gmt_create] => 2020-07-25 23:40:47
    [charset] => utf-8
    [seller_email] => 17612111673@163.com
    [subject] => 用户充值订单
    [sign] => O39ybovNoHEg+lMHSW5KKZBW3b3etXfs1qfnUQejaDmKsWy6NH3Izrz/lpX5lv7htm5vVQEXd5QeKxsrbtH2NF4sybe+cDyuOjB+raqP29phhnoaBR7CRgAU2q8CCJ7CyawV9tvDFFLepkEVdi8RwrCLDAZ5vdOc+8i7VDsEGf9wxKnBJaZ817EKwJm1PbBfhL6CcpQgAsRudCdlXpHR4Ku1faoVc1ophFIJ92Mqay1gg+X3OtztV7V4h7EbqLYmrEUPN97LQslw1zRpDgglLMOzRpPXaIzwdFLMZFRYYW0n9opRu0cftLGISoO4zjjtl00zlJkwWOu6AQ8EvrZ6OA==
    [buyer_id] => 2088402861007963
    [invoice_amount] => 1.00
    [notify_id] => 2020072500222234048007961431551907
    [fund_bill_list] => [{"amount":"1.00","fundChannel":"ALIPAYACCOUNT"}]
    [notify_type] => trade_status_sync
    [trade_status] => TRADE_SUCCESS
    [receipt_amount] => 1.00
    [app_id] => 2021001109607866
    [buyer_pay_amount] => 1.00
    [sign_type] => RSA2
    [seller_id] => 2088531452814724
    [gmt_payment] => 2020-07-25 23:40:48
    [notify_time] => 2020-07-25 23:40:48
    [version] => 1.0
    [out_trade_no] => 0EA500431A502DCF24F0E61AFCB68F3E
    [total_amount] => 1.00
    [trade_no] => 2020072522001407961426735377
    [auth_app_id] => 2021001109607866
    [buyer_logon_id] => 317***@qq.com
    [point_amount] => 0.00
)

Array
(
    [s] => /im/app/notifyAlipay
    [gmt_create] => 2020-07-26 01:41:38
    [charset] => utf-8
    [seller_email] => 17612111673@163.com
    [subject] => 充值订单
    [sign] => ph6lHfQ09adPvxt0iD9fsyCbOT09r5jfSe6p/JAtF4kMyDO5FeXpHLDtcMT9BVdALtkV7yVpeUFEcWckpBZZwO+gk9LdBayYkTX1V3j8rAVF4PMzwJvqhF/v94xsTJpSoTXPczFF4hR4vFhxQ/grd5cg/w6tG7lLc1aN6XYKMMRdiLYn9e4Pbq3F7YCWsi9+eOdPgFbrnaXlc26y3DPX45wqcolJXz7v7X09KIjjqkaMkNZa1Am3IwLTKj56mAXYIxOC2Yfnm5loVmiqxoW5wtdTv4Pvu2rSs72yh44mbP6AnEZoe56KSs8tdTV1EUVHCOOVUE9vz7HnPVHz9e4NPQ==
    [buyer_id] => 2088402861007963
    [invoice_amount] => 0.01
    [notify_id] => 2020072600222014139007961431872209
    [fund_bill_list] => [{"amount":"0.01","fundChannel":"PCREDIT"}]
    [notify_type] => trade_status_sync
    [trade_status] => TRADE_SUCCESS
    [receipt_amount] => 0.01
    [app_id] => 2021001109607866
    [buyer_pay_amount] => 0.01
    [sign_type] => RSA2
    [seller_id] => 2088531452814724
    [gmt_payment] => 2020-07-26 01:41:39
    [notify_time] => 2020-07-26 01:41:39
    [version] => 1.0
    [out_trade_no] => 519DBD5044AA367CDFB0824997EA2AB4
    [total_amount] => 0.01
    [trade_no] => 2020072622001407961426750109
    [auth_app_id] => 2021001109607866
    [buyer_logon_id] => 317***@qq.com
    [point_amount] => 0.00
)

Array
(
    [s] => /im/app/notifyAlipay
    [gmt_create] => 2020-07-26 01:41:38
    [charset] => utf-8
    [seller_email] => 17612111673@163.com
    [subject] => 充值订单
    [sign] => GOVJn6U+GfBhzI63M0UNEQlZ5ScAH0GFt8Fka9BBOMtOIjt71X5G4M22Ik1G+i2Oax70q3ew3kEx0h8THdFdIlSDp9VvjvHBrmoQFGpvA2KaFW11bKkPdfoIYfAd1KRM/uxOFmxExGvcblzn29Ft1Z63znxHx8/bD0hIZ0+gAQc7WLXraibml6xD5qYIdUtF8dN9/ftUOZbyBrLi1g0IRQg/nMxSIQKtJiEjjLQqEeIZ5F1SPjViSSYa2uaScGOc9c5cjsYtCvv2qIwDqIwrohPe4CGBpQyzlDFscQiYMoWxmmqRdVlOrNlfwAomqov2BtdviPC75198jpuL6HD7qA==
    [buyer_id] => 2088402861007963
    [invoice_amount] => 0.01
    [notify_id] => 2020072600222014139007961431872209
    [fund_bill_list] => [{"amount":"0.01","fundChannel":"PCREDIT"}]
    [notify_type] => trade_status_sync
    [trade_status] => TRADE_SUCCESS
    [receipt_amount] => 0.01
    [app_id] => 2021001109607866
    [buyer_pay_amount] => 0.01
    [sign_type] => RSA2
    [seller_id] => 2088531452814724
    [gmt_payment] => 2020-07-26 01:41:39
    [notify_time] => 2020-07-26 01:44:37
    [version] => 1.0
    [out_trade_no] => 519DBD5044AA367CDFB0824997EA2AB4
    [total_amount] => 0.01
    [trade_no] => 2020072622001407961426750109
    [auth_app_id] => 2021001109607866
    [buyer_logon_id] => 317***@qq.com
    [point_amount] => 0.00
)

Array
(
    [s] => /im/app/notifyAlipay
    [gmt_create] => 2020-07-26 01:54:51
    [charset] => utf-8
    [seller_email] => 17612111673@163.com
    [subject] => 充值订单
    [sign] => cnb319gBCcYL0dFMpHhnDZqJ9OP+9Cg0v9iF2+15bYx/Cu0JlYTU0SQF2VtwqtpD4+sZW2CjszeqSy+/5z4y7bSnC+VYQlbjG8B3CyzLf+Oae58dFsUK2DX/caLlcSGwtGjAqu+BoEczgkAy/nFwaEVMsePKfPwRdExsnjS8HcCO5OX9IRssds+7ZPhLRFkB5uKuYgznVUGPoaGTIuy2K+sRaXvc1eF3AwH6WM2ap7Q8EeCxlvdXK1pMArUP1ZRmlTZFSQYlhNn7gyFkuJ+XeOhCtWseyYCu0pO0WLaxuzZvdCFOez55bFxuQDq0zjW54NYUrugzrj5Nu4l45z9yEw==
    [buyer_id] => 2088402861007963
    [invoice_amount] => 0.01
    [notify_id] => 2020072600222015452007961431753816
    [fund_bill_list] => [{"amount":"0.01","fundChannel":"PCREDIT"}]
    [notify_type] => trade_status_sync
    [trade_status] => TRADE_SUCCESS
    [receipt_amount] => 0.01
    [app_id] => 2021001109607866
    [buyer_pay_amount] => 0.01
    [sign_type] => RSA2
    [seller_id] => 2088531452814724
    [gmt_payment] => 2020-07-26 01:54:51
    [notify_time] => 2020-07-26 01:54:52
    [version] => 1.0
    [out_trade_no] => F8CB5FF2B07D601CFED791E21E15E935
    [total_amount] => 0.01
    [trade_no] => 2020072622001407961426750110
    [auth_app_id] => 2021001109607866
    [buyer_logon_id] => 317***@qq.com
    [point_amount] => 0.00
)

Array
(
    [s] => /im/app/notifyAlipay
    [gmt_create] => 2020-07-26 01:41:38
    [charset] => utf-8
    [seller_email] => 17612111673@163.com
    [subject] => 充值订单
    [sign] => J9IdEtU+Qfxm5Sy3IZtAycfhTlHZ/RuMWjE2rq/5DdHmejP49Pwvh1FZUOIUCJV/2AaVdQUGYsqiPIOxQDGucU8gNIqExN+ctqDk3gvSrBhdnBV4rPE04pGIaHHzAb2W9KsssUnbMAGC/rmY6YpCMaH7j+5qJ32RHAtEvAjB4cMQ1bfQx3oeAeICP49HLdpvUEsi4At9tDGZpgkcRJkOUEJQa6WEHg9kf6hmm94dPdQTloEZdIdIVO7cnPtcWjdvGtMltKOAHRSVtqCQWfnz6Xd1xImKevanuo18tDksi2d3hm9KPFABRY89qecBTgJo3MlAXQTMERAld5qUKq6OPw==
    [buyer_id] => 2088402861007963
    [invoice_amount] => 0.01
    [notify_id] => 2020072600222014139007961431872209
    [fund_bill_list] => [{"amount":"0.01","fundChannel":"PCREDIT"}]
    [notify_type] => trade_status_sync
    [trade_status] => TRADE_SUCCESS
    [receipt_amount] => 0.01
    [app_id] => 2021001109607866
    [buyer_pay_amount] => 0.01
    [sign_type] => RSA2
    [seller_id] => 2088531452814724
    [gmt_payment] => 2020-07-26 01:41:39
    [notify_time] => 2020-07-26 01:55:07
    [version] => 1.0
    [out_trade_no] => 519DBD5044AA367CDFB0824997EA2AB4
    [total_amount] => 0.01
    [trade_no] => 2020072622001407961426750109
    [auth_app_id] => 2021001109607866
    [buyer_logon_id] => 317***@qq.com
    [point_amount] => 0.00
)

Array
(
    [s] => /im/app/notifyAlipay
    [gmt_create] => 2020-07-26 01:54:51
    [charset] => utf-8
    [seller_email] => 17612111673@163.com
    [subject] => 充值订单
    [sign] => fQ1lm3X6S4rY0h4XXHjaMxc16e0whG3j2taNWbmCWG5JBxoVhoNX/ikrqwwULWuuI9VWWnz1DUIUyDOHwUbx9e5FR2ooEvcD75TfIUmH1Y1Qz+TO+Mqg+Cq0bJHHB0jmm2VZCVQ+s3DDdElG11jLitASoAOMMStjAxCDFzb7EnW7vDoNUWnPxVXXhTd7TtTgogGuBaVjJuq5uMFHtfg9rjWB6Sgn/QEU6/xQ/fLiATAHAkFe0cwb5JMHcxZehMqIdOMZIVRBQred4OZdBVTMvhrK0zjLd4XajQ7hBkaQjMwdI55cSg69WZQG+4HQgWK3tr8HeAMpvq8qjMSuk2ZzNg==
    [buyer_id] => 2088402861007963
    [invoice_amount] => 0.01
    [notify_id] => 2020072600222015452007961431753816
    [fund_bill_list] => [{"amount":"0.01","fundChannel":"PCREDIT"}]
    [notify_type] => trade_status_sync
    [trade_status] => TRADE_SUCCESS
    [receipt_amount] => 0.01
    [app_id] => 2021001109607866
    [buyer_pay_amount] => 0.01
    [sign_type] => RSA2
    [seller_id] => 2088531452814724
    [gmt_payment] => 2020-07-26 01:54:51
    [notify_time] => 2020-07-26 01:57:10
    [version] => 1.0
    [out_trade_no] => F8CB5FF2B07D601CFED791E21E15E935
    [total_amount] => 0.01
    [trade_no] => 2020072622001407961426750110
    [auth_app_id] => 2021001109607866
    [buyer_logon_id] => 317***@qq.com
    [point_amount] => 0.00
)

Array
(
    [s] => /im/app/notifyAlipay
    [gmt_create] => 2020-07-26 01:58:30
    [charset] => utf-8
    [seller_email] => 17612111673@163.com
    [subject] => 充值订单
    [sign] => ogsB3qJjRVJ+7gTaYok2MU2USmiq7X+CeKKrARn8iMAnd2cLnW4jw7QWinKD/Ab5GJ98kadV0x7BIsG+NyFVSOcpB1hpGhgpWvU/+IF230DRKGl1nEdWOlv+R6ljex4TxY9ia4dGuMQcU/gaKy1Ybwelb2z081OotlqyWyh6jWOm4hcI0sO2wCibIbicQUj30eJWkI85t+NlDvP5gMT8uI54apTuCn90QBjS06jCmjJcmR2qq7XMwxBAIUQjTvkKeJhTqy3kUpCj7H+yLGBBq0SHZ0AJApflbrf0hZDUG3C33gOd3W0oG1AfiBtqlVtVUdz2gGfckeMsOZhh8bpWtQ==
    [buyer_id] => 2088402861007963
    [invoice_amount] => 0.01
    [notify_id] => 2020072600222015831007961432084070
    [fund_bill_list] => [{"amount":"0.01","fundChannel":"PCREDIT"}]
    [notify_type] => trade_status_sync
    [trade_status] => TRADE_SUCCESS
    [receipt_amount] => 0.01
    [app_id] => 2021001109607866
    [buyer_pay_amount] => 0.01
    [sign_type] => RSA2
    [seller_id] => 2088531452814724
    [gmt_payment] => 2020-07-26 01:58:31
    [notify_time] => 2020-07-26 01:58:31
    [version] => 1.0
    [out_trade_no] => 953A45DD8D62A3EAE0DD398230770BA5
    [total_amount] => 0.01
    [trade_no] => 2020072622001407961426810473
    [auth_app_id] => 2021001109607866
    [buyer_logon_id] => 317***@qq.com
    [point_amount] => 0.00
)

Array
(
    [s] => /im/app/notifyAlipay
    [gmt_create] => 2020-07-26 02:00:45
    [charset] => utf-8
    [seller_email] => 17612111673@163.com
    [subject] => 充值订单
    [sign] => Z1gP0bwt6RmLHvhCQ64V+nSFsqTEviPVinZSTbqGa4DwnG1J1ld6J298L6MsTBaFK2QvBH+LNwRZiPmegyYaQpU7J7GFzMOI1YFPznSStFJdZ2OQiU0lEaDa0hvL6vdOHTNYi7/CkekGU+Lur3GrUXl57jFWrmMlxUpWl++h2dC0cB0uidVLjADb/OBdSdUuse1mCsGB7nV7BiP+c6Ve60DFx1ZcZpeJ5vS0Jmg6swDTroib4hMhpSydDNKysxFrjvRz3WolboSbTdON6Qpc/XtBAYciYB8DgKw99npXrLGzQFTkBnGpE7SyC8SdkFflQtqE3n2l0wMrGFh/AyoBeQ==
    [buyer_id] => 2088402861007963
    [invoice_amount] => 0.01
    [notify_id] => 2020072600222020046007961431518635
    [fund_bill_list] => [{"amount":"0.01","fundChannel":"ALIPAYACCOUNT"}]
    [notify_type] => trade_status_sync
    [trade_status] => TRADE_SUCCESS
    [receipt_amount] => 0.01
    [app_id] => 2021001109607866
    [buyer_pay_amount] => 0.01
    [sign_type] => RSA2
    [seller_id] => 2088531452814724
    [gmt_payment] => 2020-07-26 02:00:45
    [notify_time] => 2020-07-26 02:00:46
    [version] => 1.0
    [out_trade_no] => 9D4B724BEE934BF29678851B17EF392A
    [total_amount] => 0.01
    [trade_no] => 2020072622001407961426807066
    [auth_app_id] => 2021001109607866
    [buyer_logon_id] => 317***@qq.com
    [point_amount] => 0.00
)

Array
(
    [s] => /im/app/notifyAlipay
    [gmt_create] => 2020-07-26 01:58:30
    [charset] => utf-8
    [seller_email] => 17612111673@163.com
    [subject] => 充值订单
    [sign] => 0bwXIVNZBz3fn4jyMsu3Pti91AVSicmSez27kM42ugGIh8/Az13nTKxgbFSx++n5zG6EYftks09QkV94eIjUXIVYoUhnlEMj6w/gPsHBJS0USE8W79QHhDwFcgaYW2BEypeD6zMzDrfPg87duGQg5/dKKD2XvlhSPCOQaTG/DvLWKCAW9IGh/V59C73uj+aMt7RWW4Ry89yqBf3F5ejolc8MH96BS/2UAPFHTGFCmF1QEy2zy2t9GUvAgcVz0Sa/9Jgp0dBDw5lV08OXoLcst0J2Xz4YPcMrJZnkFrv8MRkm1FU6q05j1+Z+WQgBrYS78G9urPDBVch5KxvThoLS+Q==
    [buyer_id] => 2088402861007963
    [invoice_amount] => 0.01
    [notify_id] => 2020072600222015831007961432084070
    [fund_bill_list] => [{"amount":"0.01","fundChannel":"PCREDIT"}]
    [notify_type] => trade_status_sync
    [trade_status] => TRADE_SUCCESS
    [receipt_amount] => 0.01
    [app_id] => 2021001109607866
    [buyer_pay_amount] => 0.01
    [sign_type] => RSA2
    [seller_id] => 2088531452814724
    [gmt_payment] => 2020-07-26 01:58:31
    [notify_time] => 2020-07-26 02:01:14
    [version] => 1.0
    [out_trade_no] => 953A45DD8D62A3EAE0DD398230770BA5
    [total_amount] => 0.01
    [trade_no] => 2020072622001407961426810473
    [auth_app_id] => 2021001109607866
    [buyer_logon_id] => 317***@qq.com
    [point_amount] => 0.00
)

Array
(
    [s] => /im/app/notifyAlipay
    [gmt_create] => 2020-07-26 02:03:06
    [charset] => utf-8
    [seller_email] => 17612111673@163.com
    [subject] => 充值订单
    [sign] => NuYGQ7SngJ72k8ETJl6p7ye/kzg5agyvOeoM8SwAoaeBD6AGW0rv8pTW8iy/0awkOi3cu7HSLJEWKBKmXm9mIAqa17b4jcUENi6DkzIu+19QO6LSAone/NCAEUIuPG5adJXHjpey9E9rPp2QAsXUqnVn3tFw6IXI4uRCfQCC4gBLrU/lnzPAORzjv+uf4McWgJkGcU/sJsWXIdmax1421x6dHZcrRIelcqO/3JXKzR6YHDWfCRpq0HgUjs87V7rXnqxgujYsmzzGPlCu8wVORKh0l7IPT4hZi3dVbZGIrgdOl1swWlEKocz/Xs9ztqpiMa4pzFDJ/enJwIZcRGeu3A==
    [buyer_id] => 2088402861007963
    [invoice_amount] => 0.01
    [notify_id] => 2020072600222020306007961431752258
    [fund_bill_list] => [{"amount":"0.01","fundChannel":"ALIPAYACCOUNT"}]
    [notify_type] => trade_status_sync
    [trade_status] => TRADE_SUCCESS
    [receipt_amount] => 0.01
    [app_id] => 2021001109607866
    [buyer_pay_amount] => 0.01
    [sign_type] => RSA2
    [seller_id] => 2088531452814724
    [gmt_payment] => 2020-07-26 02:03:06
    [notify_time] => 2020-07-26 02:03:07
    [version] => 1.0
    [out_trade_no] => 60665406A564E890C576391C4CFEF7A6
    [total_amount] => 0.01
    [trade_no] => 2020072622001407961426756738
    [auth_app_id] => 2021001109607866
    [buyer_logon_id] => 317***@qq.com
    [point_amount] => 0.00
)

Array
(
    [s] => /im/app/notifyAlipay
    [gmt_create] => 2020-07-26 02:00:45
    [charset] => utf-8
    [seller_email] => 17612111673@163.com
    [subject] => 充值订单
    [sign] => C5u3A2qEIl/wVNzfUm/AUQaRDcvLC3qxNNKdg93+TYnxW6Ljry0qwRHwpb7/tWtr8/m1MrOkGFWIp/ztlk9kCPbRqGX6uxtZ6f5Tz4Ce7ezD/Bbdo16kpF7cri8Wc/VAytBWqZP4C5pdTxR5fOaVMkN6NsHQarZK3dscMhL0H/V5JgI+za5+gc5LsjWZDrBtCjAh9GAfWi1sWwrjryP40phwM8I0Q2JGUUuGhkSh68mPuwzB22H2W5eW9mo6lR+AUPLjbLoX85uslKSPIsmzvOG1jHwykseAuBozeWgO7Bz6I3iSIfL9bjAsSePMVRGTtkrNuOz6Qze1TtVCB88l+A==
    [buyer_id] => 2088402861007963
    [invoice_amount] => 0.01
    [notify_id] => 2020072600222020046007961431518635
    [fund_bill_list] => [{"amount":"0.01","fundChannel":"ALIPAYACCOUNT"}]
    [notify_type] => trade_status_sync
    [trade_status] => TRADE_SUCCESS
    [receipt_amount] => 0.01
    [app_id] => 2021001109607866
    [buyer_pay_amount] => 0.01
    [sign_type] => RSA2
    [seller_id] => 2088531452814724
    [gmt_payment] => 2020-07-26 02:00:45
    [notify_time] => 2020-07-26 02:03:08
    [version] => 1.0
    [out_trade_no] => 9D4B724BEE934BF29678851B17EF392A
    [total_amount] => 0.01
    [trade_no] => 2020072622001407961426807066
    [auth_app_id] => 2021001109607866
    [buyer_logon_id] => 317***@qq.com
    [point_amount] => 0.00
)

Array
(
    [s] => /im/app/notifyAlipay
    [gmt_create] => 2020-07-26 02:04:11
    [charset] => utf-8
    [seller_email] => 17612111673@163.com
    [subject] => 充值订单
    [sign] => PSH4skMG15NMDXwpLoJ5SLqiJHHvASVsk2PmNYki7TI5NIVVsH3LkBSxe9Vrb8hjC5cCbXKrY5F4ivfRfi2JB+KJUBREMacSE0wJE1uFjk5hWWRViQMPXd2YNonzuvmEWF5/PAuwQFFFU93qDgbouRx52fBpBSMjDN3TNMEGPaM1ECgYAsGhimkyNKz4V6gLsRHv8weZq91/bHAP0AjhM7vG3xVCNUlisWfj0WvWcomCUvLwOK8musmUPwGszuCqMfTPuZVF4x6BPTxG84NaaqbUhfaQLeqVYUqhQXDRFidyV1g0TMll87JA1TdnSf6Vw0baMBH3FP+yTAQDMG8JBQ==
    [buyer_id] => 2088402861007963
    [invoice_amount] => 0.01
    [notify_id] => 2020072600222020412007961431938881
    [fund_bill_list] => [{"amount":"0.01","fundChannel":"ALIPAYACCOUNT"}]
    [notify_type] => trade_status_sync
    [trade_status] => TRADE_SUCCESS
    [receipt_amount] => 0.01
    [app_id] => 2021001109607866
    [buyer_pay_amount] => 0.01
    [sign_type] => RSA2
    [seller_id] => 2088531452814724
    [gmt_payment] => 2020-07-26 02:04:12
    [notify_time] => 2020-07-26 02:04:12
    [version] => 1.0
    [out_trade_no] => 04DDC801EE1DA9113C566E5CA3990397
    [total_amount] => 0.01
    [trade_no] => 2020072622001407961426735386
    [auth_app_id] => 2021001109607866
    [buyer_logon_id] => 317***@qq.com
    [point_amount] => 0.00
)

Array
(
    [s] => /im/app/notifyAlipay
    [gmt_create] => 2020-07-26 02:05:31
    [charset] => utf-8
    [seller_email] => 17612111673@163.com
    [subject] => 充值订单
    [sign] => ZJypaRQNcf1hPTRr3X9c8astIw5NDhGxrPGA3rSbRuTlpOhtT/6pry6ic8b/vyr6BIKbqR3qmumjaiZUkKgNIJv21VxzvFOaDj9NTZ3NLwMUsrFfpUUzwyhbaXue6o2vCGJYxw01L7AckuGfJaK+nUiknWirJrWYj8CkN+g2i52x2BZbq8pCFyG1NcvOVpIiGjxdV87lo5tYCDSNvsynGyJaV0nzo2syBqyWlCIJfh0NaE0+OdV2nhpDwoALPbVEUF2eFH9jMs0wHi3kL1OXIjCj8aYMLdO2E95fFRrLktEkCwTEkZWYqQGuxnyWzHlGBTZ+cpefWVPRnhDKK0Zj2g==
    [buyer_id] => 2088402861007963
    [invoice_amount] => 0.01
    [notify_id] => 2020072600222020532007961431909175
    [fund_bill_list] => [{"amount":"0.01","fundChannel":"ALIPAYACCOUNT"}]
    [notify_type] => trade_status_sync
    [trade_status] => TRADE_SUCCESS
    [receipt_amount] => 0.01
    [app_id] => 2021001109607866
    [buyer_pay_amount] => 0.01
    [sign_type] => RSA2
    [seller_id] => 2088531452814724
    [gmt_payment] => 2020-07-26 02:05:32
    [notify_time] => 2020-07-26 02:05:32
    [version] => 1.0
    [out_trade_no] => B07092179980BFEBCB1DC8B6367F3C22
    [total_amount] => 0.01
    [trade_no] => 2020072622001407961426773041
    [auth_app_id] => 2021001109607866
    [buyer_logon_id] => 317***@qq.com
    [point_amount] => 0.00
)

Array
(
    [s] => /im/app/notifyAlipay
    [gmt_create] => 2020-07-26 02:03:06
    [charset] => utf-8
    [seller_email] => 17612111673@163.com
    [subject] => 充值订单
    [sign] => qSHvujZ4nt9DUalTzmSigmS0FLmlA7F0vvYMIkxCA0l2BKUHYZQuphaE1aEo2+q+0qQMb3W30rCbmDo3gTm5qFJ7K0oDA1FuwWdd5gGFUgFY5ODkcS4WijOoJDrlYhhXNuUmf362hgojuwhJVlDrwqJUiX0k5HIOD+6dTgYCUA7dZhBgKTFJgEVtrDgigr+mc8SEauxi1iTj3ymWSF/1+QjXMGEcwbYItxspayUAqZDpWge6U4i48z+UekWbcQVCGm1qrEXkJq0ICY2/5bQV1xbzm/RqCAr20Nyb4o2dlfN5se18ScxOIvi5YtX9C8SIzBATexFh3BPmsOwb0l424Q==
    [buyer_id] => 2088402861007963
    [invoice_amount] => 0.01
    [notify_id] => 2020072600222020306007961431752258
    [fund_bill_list] => [{"amount":"0.01","fundChannel":"ALIPAYACCOUNT"}]
    [notify_type] => trade_status_sync
    [trade_status] => TRADE_SUCCESS
    [receipt_amount] => 0.01
    [app_id] => 2021001109607866
    [buyer_pay_amount] => 0.01
    [sign_type] => RSA2
    [seller_id] => 2088531452814724
    [gmt_payment] => 2020-07-26 02:03:06
    [notify_time] => 2020-07-26 02:06:00
    [version] => 1.0
    [out_trade_no] => 60665406A564E890C576391C4CFEF7A6
    [total_amount] => 0.01
    [trade_no] => 2020072622001407961426756738
    [auth_app_id] => 2021001109607866
    [buyer_logon_id] => 317***@qq.com
    [point_amount] => 0.00
)

Array
(
    [s] => /im/app/notifyAlipay
    [gmt_create] => 2020-07-26 01:41:38
    [charset] => utf-8
    [seller_email] => 17612111673@163.com
    [subject] => 充值订单
    [sign] => BwB1n9esloQGdl25pkZaaEtaq5l3TjHpxsUADN9hkaMoJs2ZC7EWuqJY1H2cASQy8xEut5Ewn3f8g97cHxCcJtvlL0dfv32a/TzoSPzMxOH9nMpIeigdjhkNCM0siTB4+6YG6NLrM1s+H9wYzecuy30Q4On6UR4OHFFJJ3OYU9Rcs/DCfUkTUALSWfeFDzs8Oi6P6CXVFBh6tZot2aECGo8K1F0VfF0n/OI318suuWJBYMgeW9qtHnBWjItSnhzGP2sfMznSM5QHMXf3E6OXdAsHMyCJXDY7BKsI0UZSfjPKgUoW/akfSyG2NT1t6PfpRJSJ9wXzUgPT9ddC9xXhSw==
    [buyer_id] => 2088402861007963
    [invoice_amount] => 0.01
    [notify_id] => 2020072600222014139007961431872209
    [fund_bill_list] => [{"amount":"0.01","fundChannel":"PCREDIT"}]
    [notify_type] => trade_status_sync
    [trade_status] => TRADE_SUCCESS
    [receipt_amount] => 0.01
    [app_id] => 2021001109607866
    [buyer_pay_amount] => 0.01
    [sign_type] => RSA2
    [seller_id] => 2088531452814724
    [gmt_payment] => 2020-07-26 01:41:39
    [notify_time] => 2020-07-26 02:06:13
    [version] => 1.0
    [out_trade_no] => 519DBD5044AA367CDFB0824997EA2AB4
    [total_amount] => 0.01
    [trade_no] => 2020072622001407961426750109
    [auth_app_id] => 2021001109607866
    [buyer_logon_id] => 317***@qq.com
    [point_amount] => 0.00
)

Array
(
    [s] => /im/app/notifyAlipay
    [gmt_create] => 2020-07-26 02:06:35
    [charset] => utf-8
    [seller_email] => 17612111673@163.com
    [subject] => 充值订单
    [sign] => l2SNijgwfrZKjFQG9PJWlSttL6pYdWkkJ064Yn9fTiw31xRg1EHssbPZV/12JgeXecSyo5Cw1z3ca0ZZZb4mtAuKt89MG5HU8kW7RuxKQzXeknLGS7ihIVb77oMNrqGydj6GhLGJfIVzO5T2nNiipDh74XaOLxzoIc92HYqtFaZxCv5eyHBFmHhIGU62sRGsBdVtRjXDTBhR48IVPMiYZz6oxuMtiCC4soFOufrFpCsxozrIfiY5ULek3j6bpD3mHkSZYix3zCGa7S91xhgxW6JNto7wP6nPy2NfFICARfO24ImuAIwZvzjmpeLKxL6sy6ifcuVZjFhtuvm25/uh4A==
    [buyer_id] => 2088402861007963
    [invoice_amount] => 0.01
    [notify_id] => 2020072600222020636007961432102920
    [fund_bill_list] => [{"amount":"0.01","fundChannel":"ALIPAYACCOUNT"}]
    [notify_type] => trade_status_sync
    [trade_status] => TRADE_SUCCESS
    [receipt_amount] => 0.01
    [app_id] => 2021001109607866
    [buyer_pay_amount] => 0.01
    [sign_type] => RSA2
    [seller_id] => 2088531452814724
    [gmt_payment] => 2020-07-26 02:06:35
    [notify_time] => 2020-07-26 02:06:36
    [version] => 1.0
    [out_trade_no] => 214259755FFDCEAE7DAA16F8DA039FF6
    [total_amount] => 0.01
    [trade_no] => 2020072622001407961426887590
    [auth_app_id] => 2021001109607866
    [buyer_logon_id] => 317***@qq.com
    [point_amount] => 0.00
)

Array
(
    [s] => /im/app/notifyAlipay
    [gmt_create] => 2020-07-26 02:04:11
    [charset] => utf-8
    [seller_email] => 17612111673@163.com
    [subject] => 充值订单
    [sign] => TkZ5TpvBa/+4R34l0qxa9PMz4fEWCxvnvcsCWfcHDP9OHxDScGr0IUUZf/ZY+XBMvSiojwDForomTOt0T0p51LE2A3raZqmhIU6JGFrL29WgNzNnEYN2ZsezyRFjFR7gWnc4alkWTthGyya3E3a4JtS5xnqs5iMtqVi7qrImHXfD1McQYnCDBgA9bYW5css0JTfmyn8hpz7kP0mmanqNyrtS93rM0MikHWCvft0jjEM7X+0NMqY9QFw9H3nccd5mMM5AlBIRwpLpk1IcFGirx4Vc0vuzTGl/ZBf4ojaxEW8vc7YECsT8MDZEuDiXPkuBKVOBWWWoXMDlXusjQN49NQ==
    [buyer_id] => 2088402861007963
    [invoice_amount] => 0.01
    [notify_id] => 2020072600222020412007961431938881
    [fund_bill_list] => [{"amount":"0.01","fundChannel":"ALIPAYACCOUNT"}]
    [notify_type] => trade_status_sync
    [trade_status] => TRADE_SUCCESS
    [receipt_amount] => 0.01
    [app_id] => 2021001109607866
    [buyer_pay_amount] => 0.01
    [sign_type] => RSA2
    [seller_id] => 2088531452814724
    [gmt_payment] => 2020-07-26 02:04:12
    [notify_time] => 2020-07-26 02:07:03
    [version] => 1.0
    [out_trade_no] => 04DDC801EE1DA9113C566E5CA3990397
    [total_amount] => 0.01
    [trade_no] => 2020072622001407961426735386
    [auth_app_id] => 2021001109607866
    [buyer_logon_id] => 317***@qq.com
    [point_amount] => 0.00
)

Array
(
    [s] => /im/app/notifyAlipay
    [gmt_create] => 2020-07-26 02:07:25
    [charset] => utf-8
    [seller_email] => 17612111673@163.com
    [subject] => 充值订单
    [sign] => geEipku6dwVHk4DJkhe77BJ2h8wQcRG9biTU6uoYv8Z0HdHfGRzWqJMUY2mP5BNxN31fCfc/PJQlnXrsE7jJI9Te/5Q44UEpKyRztMWN6t99GzNaLaD4BLdFpeOtoUulx3E1WLdFhc+XOaEnL6P7xQXBPHNh4k9U6rtgVRKDbWEApYAI53VnBTFKG+tUYUMiB1b0rWWmVbBxD2l+tXFL/wonvvfiak90GspwcbQIjYH+b0wGCqBTEQEJNCzmY92O0yhg0G0+ppfn8DzD/F8UXUefLfQwGpUlos1G1/aOlU9JG9oJNwwDo+9SSyVVFj5g3kQuHDDQsU1AGNlgLZFDmQ==
    [buyer_id] => 2088402861007963
    [invoice_amount] => 0.01
    [notify_id] => 2020072600222020726007961431858971
    [fund_bill_list] => [{"amount":"0.01","fundChannel":"ALIPAYACCOUNT"}]
    [notify_type] => trade_status_sync
    [trade_status] => TRADE_SUCCESS
    [receipt_amount] => 0.01
    [app_id] => 2021001109607866
    [buyer_pay_amount] => 0.01
    [sign_type] => RSA2
    [seller_id] => 2088531452814724
    [gmt_payment] => 2020-07-26 02:07:25
    [notify_time] => 2020-07-26 02:07:26
    [version] => 1.0
    [out_trade_no] => 178409C052E1C1AE0176DC8D236100A7
    [total_amount] => 0.01
    [trade_no] => 2020072622001407961426884206
    [auth_app_id] => 2021001109607866
    [buyer_logon_id] => 317***@qq.com
    [point_amount] => 0.00
)

Array
(
    [s] => /im/app/notifyAlipay
    [gmt_create] => 2020-07-26 01:54:51
    [charset] => utf-8
    [seller_email] => 17612111673@163.com
    [subject] => 充值订单
    [sign] => a/XsdBWO3ELh45wdA4IXyf16n+7nvZX6Bngks/l3092aqQRn4dEyQ0CNkNsLT2Df/jeBsS99AlrGPSOSkqEIbYx+IvXCXbDro3OU2efaj1+TmACadOVPSIBGIoNIqMM8GjOAuUPgap9WH1pG0hf0QNWIVJsabr+pSFCmdp4aPdo4Gep6hZXd/vui7fOxqQ0rYYGwRjQM917Bi3N2RMWo4RObABeiLIsS9mpIv0lPRP4DHmIuyPEPNyXwOShgNsai30dcDz1ho7EcmunBne3TZFoPyxAURsNz5YA9eVVrW3OSZKvrzZKB6wfcHAEinKo9h1YACotiboXNEIDDf/aN4w==
    [buyer_id] => 2088402861007963
    [invoice_amount] => 0.01
    [notify_id] => 2020072600222015452007961431753816
    [fund_bill_list] => [{"amount":"0.01","fundChannel":"PCREDIT"}]
    [notify_type] => trade_status_sync
    [trade_status] => TRADE_SUCCESS
    [receipt_amount] => 0.01
    [app_id] => 2021001109607866
    [buyer_pay_amount] => 0.01
    [sign_type] => RSA2
    [seller_id] => 2088531452814724
    [gmt_payment] => 2020-07-26 01:54:51
    [notify_time] => 2020-07-26 02:08:07
    [version] => 1.0
    [out_trade_no] => F8CB5FF2B07D601CFED791E21E15E935
    [total_amount] => 0.01
    [trade_no] => 2020072622001407961426750110
    [auth_app_id] => 2021001109607866
    [buyer_logon_id] => 317***@qq.com
    [point_amount] => 0.00
)

Array
(
    [s] => /im/app/notifyAlipay
    [gmt_create] => 2020-07-26 02:08:12
    [charset] => utf-8
    [seller_email] => 17612111673@163.com
    [subject] => 充值订单
    [sign] => FMHHutEr1j4omkGCrO5YPYfljEdn9090G+GXhtBJcYJfNaOHveOeHiHW3N8WFx7iJwg7wshCb5IBt3r0X6vEUpBZCEJYNKswntD9dGmCfiMR1orGXqvHA8Zg+MHkZfX+YdD91ciTZpDDDwjnRlmyZ2J/G8zFWi3zi+PVdW9oeVVJ5LO2cW7U3dOEdnOC6+6dmYkKsQ55RZzug7wUVrXjNAM86V/u+Qkt8E5dN0kfstrvVbYYOw+mlPjnW8f0wzkj4YzxkR7X3dpA2CL7hEL8XxtyJsZ2Yz70Pyq3Y2GNYxi/JR/YTMz2ApoMyEl3dA+V0SrYUUQTOyfTW3qp4G0edw==
    [buyer_id] => 2088402861007963
    [invoice_amount] => 0.01
    [notify_id] => 2020072600222020813007961432067350
    [fund_bill_list] => [{"amount":"0.01","fundChannel":"ALIPAYACCOUNT"}]
    [notify_type] => trade_status_sync
    [trade_status] => TRADE_SUCCESS
    [receipt_amount] => 0.01
    [app_id] => 2021001109607866
    [buyer_pay_amount] => 0.01
    [sign_type] => RSA2
    [seller_id] => 2088531452814724
    [gmt_payment] => 2020-07-26 02:08:13
    [notify_time] => 2020-07-26 02:08:13
    [version] => 1.0
    [out_trade_no] => BD0908E1D603994FECD386C955FA4DAF
    [total_amount] => 0.01
    [trade_no] => 2020072622001407961426833923
    [auth_app_id] => 2021001109607866
    [buyer_logon_id] => 317***@qq.com
    [point_amount] => 0.00
)

Array
(
    [s] => /im/app/notifyAlipay
    [gmt_create] => 2020-07-26 02:05:31
    [charset] => utf-8
    [seller_email] => 17612111673@163.com
    [subject] => 充值订单
    [sign] => iM+luVtVPe/IClAFzDxxnHPXKDMJlYoSG0766dcKroxj7zUJps4EiR4man9kVbaVeQAAmfmeS1KsC+ter5A4obp8jVkhKiQ0g5+w15e/XHtZaxjpWNzHAIEZUSYgC8l7dqfobkR5tOKRq2AVu5TSLeNUli8KhMf9mMdjI77ElBYKBXYCGjtNKeduKXJKHK/NxoVaewVzh5g6Jmh0VJswuz11r/ImtIH8srmjQBAA1ZAylqhJbdwJg6ehgM0ndYn62f3x7uctko7MGL6qz8WXItnIWuSt7IGZQJoIvSJu0yQYixbfYU4YnGGsNcbf5habD/uvI0vkQY0xDuh9vES4EQ==
    [buyer_id] => 2088402861007963
    [invoice_amount] => 0.01
    [notify_id] => 2020072600222020532007961431909175
    [fund_bill_list] => [{"amount":"0.01","fundChannel":"ALIPAYACCOUNT"}]
    [notify_type] => trade_status_sync
    [trade_status] => TRADE_SUCCESS
    [receipt_amount] => 0.01
    [app_id] => 2021001109607866
    [buyer_pay_amount] => 0.01
    [sign_type] => RSA2
    [seller_id] => 2088531452814724
    [gmt_payment] => 2020-07-26 02:05:32
    [notify_time] => 2020-07-26 02:08:42
    [version] => 1.0
    [out_trade_no] => B07092179980BFEBCB1DC8B6367F3C22
    [total_amount] => 0.01
    [trade_no] => 2020072622001407961426773041
    [auth_app_id] => 2021001109607866
    [buyer_logon_id] => 317***@qq.com
    [point_amount] => 0.00
)

Array
(
    [s] => /im/app/notifyAlipay
    [gmt_create] => 2020-07-26 02:06:35
    [charset] => utf-8
    [seller_email] => 17612111673@163.com
    [subject] => 充值订单
    [sign] => L/OFMrZbLeKrfKhS1LcdYd60tIFG9KSxJhIxp/sOhEWdRQzVhgzVCSFzfz+Didw8mw/8UfE0y1MsktBQksHYBSTYwKprGoS04HyOR0sQPpiKE1cji2Xq5S4Uyg/KlifwMHZig9R5iYEfRMpaQ9E1RvsHdE6Wab+3khUVOsqLWOjJi/m/xH0d078DlblVBXZYRRs6zdZaeVxwqcwHerWp3S4MnKpkp28LYKMRtJWOwVqE9ed+Wk9tD3PZ+ns1IwAfTecx8EkhDtnrSqOB5QG0BFEMOJZFV10pookD6pu2RYPbpyLI2BNMA3ObBbTKwd7KHMnuW8qvGuVgCvz708kCGw==
    [buyer_id] => 2088402861007963
    [invoice_amount] => 0.01
    [notify_id] => 2020072600222020636007961432102920
    [fund_bill_list] => [{"amount":"0.01","fundChannel":"ALIPAYACCOUNT"}]
    [notify_type] => trade_status_sync
    [trade_status] => TRADE_SUCCESS
    [receipt_amount] => 0.01
    [app_id] => 2021001109607866
    [buyer_pay_amount] => 0.01
    [sign_type] => RSA2
    [seller_id] => 2088531452814724
    [gmt_payment] => 2020-07-26 02:06:35
    [notify_time] => 2020-07-26 02:09:16
    [version] => 1.0
    [out_trade_no] => 214259755FFDCEAE7DAA16F8DA039FF6
    [total_amount] => 0.01
    [trade_no] => 2020072622001407961426887590
    [auth_app_id] => 2021001109607866
    [buyer_logon_id] => 317***@qq.com
    [point_amount] => 0.00
)

Array
(
    [s] => /im/app/notifyAlipay
    [gmt_create] => 2020-07-26 02:09:42
    [charset] => utf-8
    [seller_email] => 17612111673@163.com
    [subject] => 充值订单
    [sign] => rQjTzU5DDNqVxcJ1Ijut9ccA3ph8GWFFCw0jkiWegmDbKYlO5gpqh61y2tf6ZNiaFXTeAv3rLqTzO4clN3a0EzsS8RJyyFEp34WsmKKnx30EHTYB6pZCeNhLvTR7KI4stGs8V4pSchrUUc5Pn7PXEeNUhHn4uUW0DWFZ/feJhh9KC+XmBDJaMOr40rb5Lep9lDI1tgqTBKwoISxrjzTyNQRSWqndaflfhGlV7cyGjgAEVuQaGSYKXmQuL2rMBhqUkrjjQWDJycK1Kkcl1iDaZpgB10dZbdJfMMVM3mfI6YDSzfiNsl/T01uOixrXQPUeeF0Ge+2FwSO9EaEbLW0B5g==
    [buyer_id] => 2088402861007963
    [invoice_amount] => 0.01
    [notify_id] => 2020072600222020942007961432098548
    [fund_bill_list] => [{"amount":"0.01","fundChannel":"ALIPAYACCOUNT"}]
    [notify_type] => trade_status_sync
    [trade_status] => TRADE_SUCCESS
    [receipt_amount] => 0.01
    [app_id] => 2021001109607866
    [buyer_pay_amount] => 0.01
    [sign_type] => RSA2
    [seller_id] => 2088531452814724
    [gmt_payment] => 2020-07-26 02:09:42
    [notify_time] => 2020-07-26 02:09:43
    [version] => 1.0
    [out_trade_no] => 83B323F5723DFFEA9C8A3A418145ADF4
    [total_amount] => 0.01
    [trade_no] => 2020072622001407961426900280
    [auth_app_id] => 2021001109607866
    [buyer_logon_id] => 317***@qq.com
    [point_amount] => 0.00
)

Array
(
    [s] => /im/app/notifyAlipay
    [gmt_create] => 2020-07-26 02:07:25
    [charset] => utf-8
    [seller_email] => 17612111673@163.com
    [subject] => 充值订单
    [sign] => XfeGCsV7NfnxaasBCQI2UvdQDNIlVcYCm6zU+PX9NEgPk9nb96sRQeAxsaNxXmntMJwPowrRnlkzSwH0Rb2QI+wKx9AmUSgeTn+04SAvHCBI9KH2nV5sQofNLc2sr3DUaQbRY1MRXqkLoIp9QF7yAnFSJUJVRTSziJ+9fRleI1vFdUZlm6LXSrW7ysES9nrDqsJWF9gjnBjNpiMhqsL/5Vv/iLmA9MzhLO1hDBkTluLiXJcIgN7vGDdwiB9WolEUJNWkKm3JDRcv4FE1q5E1mlCaFG34gNLM7gBigl82gEI1uAFYkOLTaAuFtFoWO0DfHD3A4sw3TPm2zd4JCCbr2A==
    [buyer_id] => 2088402861007963
    [invoice_amount] => 0.01
    [notify_id] => 2020072600222020726007961431858971
    [fund_bill_list] => [{"amount":"0.01","fundChannel":"ALIPAYACCOUNT"}]
    [notify_type] => trade_status_sync
    [trade_status] => TRADE_SUCCESS
    [receipt_amount] => 0.01
    [app_id] => 2021001109607866
    [buyer_pay_amount] => 0.01
    [sign_type] => RSA2
    [seller_id] => 2088531452814724
    [gmt_payment] => 2020-07-26 02:07:25
    [notify_time] => 2020-07-26 02:10:18
    [version] => 1.0
    [out_trade_no] => 178409C052E1C1AE0176DC8D236100A7
    [total_amount] => 0.01
    [trade_no] => 2020072622001407961426884206
    [auth_app_id] => 2021001109607866
    [buyer_logon_id] => 317***@qq.com
    [point_amount] => 0.00
)

Array
(
    [s] => /im/app/notifyAlipay
    [gmt_create] => 2020-07-26 02:10:21
    [charset] => utf-8
    [seller_email] => 17612111673@163.com
    [subject] => 充值订单
    [sign] => mzzTkVQv4XCT3Lqdi2xquGKuJPOBJIGqz6TELQYnXjw+OYrRwHCVHxFrmkIwfKUgvWwkitXPKWCzk86+Af7hRuvWqifbl958dMcQexluB4ldKxx2fLKrKIXLHFsJV17gV2ft570j9gIdLziy73RzBVFKGpikfKnjysMNxgGjlJjYUfTOAD3ZRxTm0jkCDCbO5Clzq3IMRfIGirloSsOrFN3OXv+AdP0RZAKUs0r5o4nEJ1FY92lpELTVQxgvvEjYANd8DcR1TYKWdXVasLYZgQIW+96gLf9wIgwl2XQLV6nK+roHty0e0ECb7uwLJujg3U98qsJLcQFMFhYmYN0w/g==
    [buyer_id] => 2088402861007963
    [invoice_amount] => 0.01
    [notify_id] => 2020072600222021022007961432017198
    [fund_bill_list] => [{"amount":"0.01","fundChannel":"ALIPAYACCOUNT"}]
    [notify_type] => trade_status_sync
    [trade_status] => TRADE_SUCCESS
    [receipt_amount] => 0.01
    [app_id] => 2021001109607866
    [buyer_pay_amount] => 0.01
    [sign_type] => RSA2
    [seller_id] => 2088531452814724
    [gmt_payment] => 2020-07-26 02:10:22
    [notify_time] => 2020-07-26 02:10:23
    [version] => 1.0
    [out_trade_no] => F5B7D941733265BDD93E27D6B09B3F72
    [total_amount] => 0.01
    [trade_no] => 2020072622001407961426765801
    [auth_app_id] => 2021001109607866
    [buyer_logon_id] => 317***@qq.com
    [point_amount] => 0.00
)

Array
(
    [s] => /im/app/notifyAlipay
    [gmt_create] => 2020-07-26 02:08:12
    [charset] => utf-8
    [seller_email] => 17612111673@163.com
    [subject] => 充值订单
    [sign] => Hd3J9fGeXk/Ximok0s+QAUv4SQBlvd+TceMuLS0Vc0ihRu3Q1453Ax2yykpWaht8qPDgt7lk7JWWY2B9HIB8Z8k1+tYeJx+/KCC9seT4usKky8DUIfqabfhmbftd617aEN3/94cfwIvJPuUGn7RT9Ut+hF2/YIYftviEYGO9e8eY9qe6/5GaaLP+S4KhlPBO4RUHBRj8miFOT5d6WRucUx/9P4USRat+gaJQrn5tNR/oBZr+eQ/RnY2TbHPK8c4BzMyv9ke5p8Fi/T233RGYC4uSYX8hgnrepjnrJcC3Mgm/VBbnLJG3Vc63BywYhOI6MKYJBdLRH1rbjTUaz0G+TA==
    [buyer_id] => 2088402861007963
    [invoice_amount] => 0.01
    [notify_id] => 2020072600222020813007961432067350
    [fund_bill_list] => [{"amount":"0.01","fundChannel":"ALIPAYACCOUNT"}]
    [notify_type] => trade_status_sync
    [trade_status] => TRADE_SUCCESS
    [receipt_amount] => 0.01
    [app_id] => 2021001109607866
    [buyer_pay_amount] => 0.01
    [sign_type] => RSA2
    [seller_id] => 2088531452814724
    [gmt_payment] => 2020-07-26 02:08:13
    [notify_time] => 2020-07-26 02:11:12
    [version] => 1.0
    [out_trade_no] => BD0908E1D603994FECD386C955FA4DAF
    [total_amount] => 0.01
    [trade_no] => 2020072622001407961426833923
    [auth_app_id] => 2021001109607866
    [buyer_logon_id] => 317***@qq.com
    [point_amount] => 0.00
)

Array
(
    [s] => /im/app/notifyAlipay
    [gmt_create] => 2020-07-26 02:12:11
    [charset] => utf-8
    [seller_email] => 17612111673@163.com
    [subject] => 充值订单
    [sign] => n/plzxjJsE+syiRWklR3dpX8mRx3G/qu6o3sfN1jJ1guM2Mopk9QSPcB7+NULLIB+t+G/dQDbqPs6jX6k5zAItAsmqPMP9IXnNywLyS9lL4XtQCTLukFOsDkbtYaO4x1r2oQxEvQM11Ng8Az4KEFM/ah04DBnS1HsbIvPgpNDVIjXV7o60UL+GOxqY7vgiXiVkvS3JvKKqTbPp/rjsfenQUVGn5XgIPr/sDVlVNwbdUqK8Vb+1S/Iik52ZTro4P0Ml/yvovN9GVK0dA0BpH9k/9cbYrdQtgX1FcDoKfh/4xLBR8/mQSxtZD4VXH96BL1OkMF5vyuu4UH2qFSixmRCQ==
    [buyer_id] => 2088402861007963
    [invoice_amount] => 0.01
    [notify_id] => 2020072600222021212007961431937445
    [fund_bill_list] => [{"amount":"0.01","fundChannel":"ALIPAYACCOUNT"}]
    [notify_type] => trade_status_sync
    [trade_status] => TRADE_SUCCESS
    [receipt_amount] => 0.01
    [app_id] => 2021001109607866
    [buyer_pay_amount] => 0.01
    [sign_type] => RSA2
    [seller_id] => 2088531452814724
    [gmt_payment] => 2020-07-26 02:12:12
    [notify_time] => 2020-07-26 02:12:12
    [version] => 1.0
    [out_trade_no] => 30A6A5D6F099C6ABE3C686A394843E4D
    [total_amount] => 0.01
    [trade_no] => 2020072622001407961426739502
    [auth_app_id] => 2021001109607866
    [buyer_logon_id] => 317***@qq.com
    [point_amount] => 0.00
)

Array
(
    [s] => /im/app/notifyAlipay
    [gmt_create] => 2020-07-26 01:58:30
    [charset] => utf-8
    [seller_email] => 17612111673@163.com
    [subject] => 充值订单
    [sign] => LrbuFyjy9gff4FLQjJAydyOw3etYYZ1pKShJANLEH6x15Ssr70roYO6P1sNagdpfzpVtZc0S/zG46Z9E/yDthUotx6snJpVYyee/JQtb7FtiGFGrlL51stYxGIRMcl6pjczGOKieQBpy3fD9aKS8oHyonjSIAbfNus492eUDzkLEi5+GFpkvnwKyFK85QSbz5jNg/NB7jKdKPqJH0hPTMGbMlQopc+RKO5jhkGKSfVsFKNrvwU2voPshUEDcEJBMV404J6WFsKBMCxK2Ybu2I1IipGt90QrHHSO2u82fmgrm4oT8VnW14FS0VgUacXtkuCmMdIeRRg4nE6/QZBYWPg==
    [buyer_id] => 2088402861007963
    [invoice_amount] => 0.01
    [notify_id] => 2020072600222015831007961432084070
    [fund_bill_list] => [{"amount":"0.01","fundChannel":"PCREDIT"}]
    [notify_type] => trade_status_sync
    [trade_status] => TRADE_SUCCESS
    [receipt_amount] => 0.01
    [app_id] => 2021001109607866
    [buyer_pay_amount] => 0.01
    [sign_type] => RSA2
    [seller_id] => 2088531452814724
    [gmt_payment] => 2020-07-26 01:58:31
    [notify_time] => 2020-07-26 02:12:23
    [version] => 1.0
    [out_trade_no] => 953A45DD8D62A3EAE0DD398230770BA5
    [total_amount] => 0.01
    [trade_no] => 2020072622001407961426810473
    [auth_app_id] => 2021001109607866
    [buyer_logon_id] => 317***@qq.com
    [point_amount] => 0.00
)

Array
(
    [s] => /im/app/notifyAlipay
    [gmt_create] => 2020-07-26 02:09:42
    [charset] => utf-8
    [seller_email] => 17612111673@163.com
    [subject] => 充值订单
    [sign] => BBOnXl/RoWRUwr7uUYDq+0RStWuMxyEyKR17zjX1u96YJ8FSIMWrGE169hlUXDxpsJdz0pIx67ipr8OcSsEV4CKbjLiC49m4uyPDckc6rd0GgcOAl64Ui6h516QNWMCaMS1EUV321j3mxR9/l+o8tEnJxvrFLFDK8Y0Ljo5d1aQp4d45hcAMl8JLi7fXCSJDnMCBO8fWgqp8Y/Su3ZzghGrTNDiWKB84X/o487AJ8VlCUgMONoc9iq6xo1IdMKeM00D4toJUSUqAXmPIiNt/7MuRsTWQixRtxl+eIMlDK5pQhFtiUhDcSIEh0EtdeUqGQsGrn9nn37WABaBLhsvDOg==
    [buyer_id] => 2088402861007963
    [invoice_amount] => 0.01
    [notify_id] => 2020072600222020942007961432098548
    [fund_bill_list] => [{"amount":"0.01","fundChannel":"ALIPAYACCOUNT"}]
    [notify_type] => trade_status_sync
    [trade_status] => TRADE_SUCCESS
    [receipt_amount] => 0.01
    [app_id] => 2021001109607866
    [buyer_pay_amount] => 0.01
    [sign_type] => RSA2
    [seller_id] => 2088531452814724
    [gmt_payment] => 2020-07-26 02:09:42
    [notify_time] => 2020-07-26 02:12:26
    [version] => 1.0
    [out_trade_no] => 83B323F5723DFFEA9C8A3A418145ADF4
    [total_amount] => 0.01
    [trade_no] => 2020072622001407961426900280
    [auth_app_id] => 2021001109607866
    [buyer_logon_id] => 317***@qq.com
    [point_amount] => 0.00
)

Array
(
    [s] => /im/app/notifyAlipay
    [gmt_create] => 2020-07-26 02:10:21
    [charset] => utf-8
    [seller_email] => 17612111673@163.com
    [subject] => 充值订单
    [sign] => Ob3O0b6bg9dVJrwdxV10lwRQoxZ74QUTdzGy0vnRcnsGakyxVeilhVg8MXtJOyrvz7GWCn+MfYYgaT0/lqMS+BdunEan49xsWA6aPo0KgzUtKhlvFx89W0FIAUufZgn3BBo1607oizZZY5sqZU1jfzjN4PY+RdximD5n06t4gx8lCmDPehJelffqd9VItA6fl+MYounDh5Q7nh3bAYvQVTIthlcC9u/jYO57VvV8eGwNmsAEYJFLCaj5OSC6BoE8rwzCt5bBAJN7UUvaPVhyPXeVAYt462LoK8Uacoj7LYjqzSswtnLdMPNE/qD/agp3Iz6mJ3eEogfQ2toLxSVnpA==
    [buyer_id] => 2088402861007963
    [invoice_amount] => 0.01
    [notify_id] => 2020072600222021022007961432017198
    [fund_bill_list] => [{"amount":"0.01","fundChannel":"ALIPAYACCOUNT"}]
    [notify_type] => trade_status_sync
    [trade_status] => TRADE_SUCCESS
    [receipt_amount] => 0.01
    [app_id] => 2021001109607866
    [buyer_pay_amount] => 0.01
    [sign_type] => RSA2
    [seller_id] => 2088531452814724
    [gmt_payment] => 2020-07-26 02:10:22
    [notify_time] => 2020-07-26 02:13:07
    [version] => 1.0
    [out_trade_no] => F5B7D941733265BDD93E27D6B09B3F72
    [total_amount] => 0.01
    [trade_no] => 2020072622001407961426765801
    [auth_app_id] => 2021001109607866
    [buyer_logon_id] => 317***@qq.com
    [point_amount] => 0.00
)

Array
(
    [s] => /im/app/notifyAlipay
    [gmt_create] => 2020-07-26 02:13:30
    [charset] => utf-8
    [seller_email] => 17612111673@163.com
    [subject] => 充值订单
    [sign] => bSrG74GsKE4SuP1hbW1aIVOLxbxtR0p4ObimKAT3WC5ZdgpWBUOkAV81pSJu22UBbEAP0cJ1om6YzHIxlY2J2BUAFTTwM3dzwkkUlJDVN2bG3BzbEj5b5yxsAmaL32uWjvXzoVAHGYcrZELV0f+d9tWbEFenFATrg5xLyQt2vAr4bcXu1wLYue4dJlkGB+gKgDHKXg3CStY0KD8xNO9i0Odkw/Apw4zY4tBskMqIuV2gHKQAWTLqHgx7Y6LyJasGRXfqM6b/O+o4Sxdksypj6Phyy2ZkmUWEqgDjHvwDQXdEzmR5P8plSLkjnZS9WTVCYgGg3OYmhJQRlqHPtwA/1A==
    [buyer_id] => 2088402861007963
    [invoice_amount] => 0.01
    [notify_id] => 2020072600222021330007961432061341
    [fund_bill_list] => [{"amount":"0.01","fundChannel":"ALIPAYACCOUNT"}]
    [notify_type] => trade_status_sync
    [trade_status] => TRADE_SUCCESS
    [receipt_amount] => 0.01
    [app_id] => 2021001109607866
    [buyer_pay_amount] => 0.01
    [sign_type] => RSA2
    [seller_id] => 2088531452814724
    [gmt_payment] => 2020-07-26 02:13:30
    [notify_time] => 2020-07-26 02:13:30
    [version] => 1.0
    [out_trade_no] => 9798974FBFE18ADECE58AD1DF4738DE6
    [total_amount] => 0.01
    [trade_no] => 2020072622001407961426919763
    [auth_app_id] => 2021001109607866
    [buyer_logon_id] => 317***@qq.com
    [point_amount] => 0.00
)

Array
(
    [s] => /im/app/notifyAlipay
    [gmt_create] => 2020-07-26 02:00:45
    [charset] => utf-8
    [seller_email] => 17612111673@163.com
    [subject] => 充值订单
    [sign] => O+p6QC3iQaY1iLBEojBYXCXAa06OQlQcSosJoTswLOZQwNIJO1AeCFtdHH4Js6oPmZJtrmVwdLuOSF0DQsuY5TUlfrb68vcc+cCrU5gO7GZIQx7bKLwG9BCgHfpxqnJtgaEqhMxuapTV8Xn0OM5DLgqiRHyBjzY3OYFwAk5jqdQF7QM+zBpNPmB9BnSjsPa06/RoYhqlSLJWoiAfqA5spbrl0hMXxKYluTaL2f09ZpLVIvMvWuKc4ZGi4dLu3VsnHNfsA0jSI3nZ2LEhyy3NSAXeqFqHyTkOn2/Z9CtArHcU0agpkX6P4kh+PYzI2ApWEy3M5G9WFW+itLg6BDe+ng==
    [buyer_id] => 2088402861007963
    [invoice_amount] => 0.01
    [notify_id] => 2020072600222020046007961431518635
    [fund_bill_list] => [{"amount":"0.01","fundChannel":"ALIPAYACCOUNT"}]
    [notify_type] => trade_status_sync
    [trade_status] => TRADE_SUCCESS
    [receipt_amount] => 0.01
    [app_id] => 2021001109607866
    [buyer_pay_amount] => 0.01
    [sign_type] => RSA2
    [seller_id] => 2088531452814724
    [gmt_payment] => 2020-07-26 02:00:45
    [notify_time] => 2020-07-26 02:14:44
    [version] => 1.0
    [out_trade_no] => 9D4B724BEE934BF29678851B17EF392A
    [total_amount] => 0.01
    [trade_no] => 2020072622001407961426807066
    [auth_app_id] => 2021001109607866
    [buyer_logon_id] => 317***@qq.com
    [point_amount] => 0.00
)

Array
(
    [s] => /im/app/notifyAlipay
    [gmt_create] => 2020-07-26 02:15:01
    [charset] => utf-8
    [seller_email] => 17612111673@163.com
    [subject] => 充值订单
    [sign] => xTct1RyosA1a8Rafup2CGfkeit+BTpQ2AZ0cvVdg9k19iA7/5sXMph7yybSoQNEbwKI98/dldANgaPv45BoMZKN47//ROLmJiLRgb9F6KPRLLVGj0Sbu2TUchKBuI7ohPWPl1Oc9s87kvThRCDuJp6h3/A1VmKh9rw+1xvz9j1qEUpd4ZY1jpdyaPCybE6RYU+ZtpsvgztloWbNzuMsuVGbTiboj9lLT+7NiKQMMXOFFXOjWnSb8MR1CDTIyld7VnGvpG6AzMivja2qTBM58yOXBXSAyJQuW2zH8FaEtIJPZA6C+lev2jsk3bixsROrlsEtKOcYi4mgC6FJw+XzX/g==
    [buyer_id] => 2088402861007963
    [invoice_amount] => 0.01
    [notify_id] => 2020072600222021502007961432024371
    [fund_bill_list] => [{"amount":"0.01","fundChannel":"ALIPAYACCOUNT"}]
    [notify_type] => trade_status_sync
    [trade_status] => TRADE_SUCCESS
    [receipt_amount] => 0.01
    [app_id] => 2021001109607866
    [buyer_pay_amount] => 0.01
    [sign_type] => RSA2
    [seller_id] => 2088531452814724
    [gmt_payment] => 2020-07-26 02:15:02
    [notify_time] => 2020-07-26 02:15:02
    [version] => 1.0
    [out_trade_no] => 8E82DCC07748252BF89ED46DBFA3B438
    [total_amount] => 0.01
    [trade_no] => 2020072622001407961426810475
    [auth_app_id] => 2021001109607866
    [buyer_logon_id] => 317***@qq.com
    [point_amount] => 0.00
)

Array
(
    [s] => /im/app/notifyAlipay
    [gmt_create] => 2020-07-26 02:16:13
    [charset] => utf-8
    [seller_email] => 17612111673@163.com
    [subject] => 充值订单
    [sign] => nXxGhBDVEgp+3X8pgaHhtwrE8dJOydQ0gXnfpDJzbBlsXWf2mo4T4OJNHH5/JeWESgNphds1qE6ie94BN9Nc15NiRQ5fg2ejaxTR7E9Gzp3k56l+AMQKYs3U1ZIruSSodda++WUvaIbbUeqS5LgyTSXqKlI95ghHLstatj9JcezjkcTDffiO3EOOrDPmuQFqi6OTp5824P1FijSSFuUfJN1FG8wZOgaU0h8hTyDRcLB4URRI1QNjCpFWWtTIkWwTKQhgEch5gZuSr3bqYXFbiIXI4DITTftYrclXzB+I+yM2d6pdpgIJJBLLjNijQ1qG8I77cr2+i5z6ftnHfJyKVg==
    [buyer_id] => 2088402861007963
    [invoice_amount] => 0.01
    [notify_id] => 2020072600222021613007961431560838
    [fund_bill_list] => [{"amount":"0.01","fundChannel":"ALIPAYACCOUNT"}]
    [notify_type] => trade_status_sync
    [trade_status] => TRADE_SUCCESS
    [receipt_amount] => 0.01
    [app_id] => 2021001109607866
    [buyer_pay_amount] => 0.01
    [sign_type] => RSA2
    [seller_id] => 2088531452814724
    [gmt_payment] => 2020-07-26 02:16:13
    [notify_time] => 2020-07-26 02:16:14
    [version] => 1.0
    [out_trade_no] => BD9C961723ECFEC0386CF29DA23D078E
    [total_amount] => 0.01
    [trade_no] => 2020072622001407961426785699
    [auth_app_id] => 2021001109607866
    [buyer_logon_id] => 317***@qq.com
    [point_amount] => 0.00
)

Array
(
    [s] => /im/app/notifyAlipay
    [gmt_create] => 2020-07-26 02:03:06
    [charset] => utf-8
    [seller_email] => 17612111673@163.com
    [subject] => 充值订单
    [sign] => cYvAcszqT42Ad+v1TmsOqXTH5giw5bOKuChGlqaAWin2XDajyysnMOuqxdq0tzXP12hRLrcv5Rl9x9Msf3kOueNcfgrkUUFQxhxfD7+CqKM6gwJRakytIPqy6Oqoc6GSa9N7UxyO+hz9gHAfRppe5AtqSZXVKy43cVKjtxD9/5XMTUiYyDwJA5taWpOAzARsGXWzohky+PFkd8gNM+c3P/ZyNgFiqe/4fujyzn4aPa85gem+DdiV/OVmCcUZvxBgKIC9+FNEyik1gLKRpm/NI61EA+7bVQ6/1+MbBiBjpyoOvmRCLad1KpbjP4zd2TS0LIWnHmCqdiiDUCCSCvsPMg==
    [buyer_id] => 2088402861007963
    [invoice_amount] => 0.01
    [notify_id] => 2020072600222020306007961431752258
    [fund_bill_list] => [{"amount":"0.01","fundChannel":"ALIPAYACCOUNT"}]
    [notify_type] => trade_status_sync
    [trade_status] => TRADE_SUCCESS
    [receipt_amount] => 0.01
    [app_id] => 2021001109607866
    [buyer_pay_amount] => 0.01
    [sign_type] => RSA2
    [seller_id] => 2088531452814724
    [gmt_payment] => 2020-07-26 02:03:06
    [notify_time] => 2020-07-26 02:17:45
    [version] => 1.0
    [out_trade_no] => 60665406A564E890C576391C4CFEF7A6
    [total_amount] => 0.01
    [trade_no] => 2020072622001407961426756738
    [auth_app_id] => 2021001109607866
    [buyer_logon_id] => 317***@qq.com
    [point_amount] => 0.00
)

Array
(
    [s] => /im/app/notifyAlipay
    [gmt_create] => 2020-07-26 02:04:11
    [charset] => utf-8
    [seller_email] => 17612111673@163.com
    [subject] => 充值订单
    [sign] => jARZSEW/WIBparD1zHAGTlnlOlqqpk0DkL0UlNKWKtvk5V107KgbnuXkmxsrfXczELlMFk8EubFobc+gpJcdva4Db9tpa5T/6saA4z4qV4aUk1U0KmqxqlRbaWCh1zgHwSKgcXWVFezi4WMoLKCvDqFrTfRGjkYWMKFTsiap5NppTMK5J2wosDG0evj50COZrRJdKzgRT8G4woXuiYO+gYIU93hQUgzDEPIKe/HLW3tpCmLLiw2qXdOfPgKz4nBVhH6G/MSKZVDiLLSVgKDOKMvYoFQO4RRx/JytUeT2xGrd9xyt+uSFXVgPQ6yN5uIZyrsWGlAFdF9xKfYnkt8QUw==
    [buyer_id] => 2088402861007963
    [invoice_amount] => 0.01
    [notify_id] => 2020072600222020412007961431938881
    [fund_bill_list] => [{"amount":"0.01","fundChannel":"ALIPAYACCOUNT"}]
    [notify_type] => trade_status_sync
    [trade_status] => TRADE_SUCCESS
    [receipt_amount] => 0.01
    [app_id] => 2021001109607866
    [buyer_pay_amount] => 0.01
    [sign_type] => RSA2
    [seller_id] => 2088531452814724
    [gmt_payment] => 2020-07-26 02:04:12
    [notify_time] => 2020-07-26 02:18:02
    [version] => 1.0
    [out_trade_no] => 04DDC801EE1DA9113C566E5CA3990397
    [total_amount] => 0.01
    [trade_no] => 2020072622001407961426735386
    [auth_app_id] => 2021001109607866
    [buyer_logon_id] => 317***@qq.com
    [point_amount] => 0.00
)

Array
(
    [s] => /im/app/notifyAlipay
    [gmt_create] => 2020-07-26 01:54:51
    [charset] => utf-8
    [seller_email] => 17612111673@163.com
    [subject] => 充值订单
    [sign] => 076aLjr3vc/lqQ9MLiVZeLvKb1g+HlziYQVxfjb1r7eauEiZBwmDekk4ifTdiWf8GKpPnTKv58bBE+aAdXDda97wBdJtOrIPszUyaDYGt0eMUhxoqcBEWW8irsW7EyfWI/aMGoijicXGzpk8XkhxB3TYPtuQsH3OwNM5DU/a3C2jXrvLww3It8/BHpw3CI8F7f6jPX6c7DYFY1VbGJ2sHsSnPPZCZ1Jjw2+ktV1vAB1TyRJMZ1jbGhS3xDy/n5K7Lrm84LGwxBOaofc9C9x32EGgf9uZvwrlv1qcDEYbdN/sMqJ3Lul2HlOo+At7dX6bJWecNGLDx0akHCm9jckF4g==
    [buyer_id] => 2088402861007963
    [invoice_amount] => 0.01
    [notify_id] => 2020072600222015452007961431753816
    [fund_bill_list] => [{"amount":"0.01","fundChannel":"PCREDIT"}]
    [notify_type] => trade_status_sync
    [trade_status] => TRADE_SUCCESS
    [receipt_amount] => 0.01
    [app_id] => 2021001109607866
    [buyer_pay_amount] => 0.01
    [sign_type] => RSA2
    [seller_id] => 2088531452814724
    [gmt_payment] => 2020-07-26 01:54:51
    [notify_time] => 2020-07-26 02:19:15
    [version] => 1.0
    [out_trade_no] => F8CB5FF2B07D601CFED791E21E15E935
    [total_amount] => 0.01
    [trade_no] => 2020072622001407961426750110
    [auth_app_id] => 2021001109607866
    [buyer_logon_id] => 317***@qq.com
    [point_amount] => 0.00
)

Array
(
    [s] => /im/app/notifyAlipay
    [gmt_create] => 2020-07-26 02:05:31
    [charset] => utf-8
    [seller_email] => 17612111673@163.com
    [subject] => 充值订单
    [sign] => whzflZDs7ca4jlZV49wl/30+qfWeLLZiy2U/73PpLRFgsPtB53oA54ci/zHsjY/i/f+BGgNs9Xj38JBpZIyGTzxtokw74+5CUyz0P0/FEzEQdabAwYQUK/aBicz73m1Pr5av5faw63SwgIyuxT2cHqJ3xfS3jWT2nCw0K5wxFwty7OPvmxyHJovpJiSKv+cO52RhILdesgJZjaOuOm539/NPWwAL9FsI23eLC3TOkuwY5KgK/FGXHR/T7nX8TKFugnq1jwEfRIHeF0LPa+iC+M2vxQTGSbLmWuYvIzkyb0P2zZGaCkIHwRqL/uXJvyCL94HIQD9OX8yQcNTUeemQow==
    [buyer_id] => 2088402861007963
    [invoice_amount] => 0.01
    [notify_id] => 2020072600222020532007961431909175
    [fund_bill_list] => [{"amount":"0.01","fundChannel":"ALIPAYACCOUNT"}]
    [notify_type] => trade_status_sync
    [trade_status] => TRADE_SUCCESS
    [receipt_amount] => 0.01
    [app_id] => 2021001109607866
    [buyer_pay_amount] => 0.01
    [sign_type] => RSA2
    [seller_id] => 2088531452814724
    [gmt_payment] => 2020-07-26 02:05:32
    [notify_time] => 2020-07-26 02:19:37
    [version] => 1.0
    [out_trade_no] => B07092179980BFEBCB1DC8B6367F3C22
    [total_amount] => 0.01
    [trade_no] => 2020072622001407961426773041
    [auth_app_id] => 2021001109607866
    [buyer_logon_id] => 317***@qq.com
    [point_amount] => 0.00
)

Array
(
    [s] => /im/app/notifyAlipay
    [gmt_create] => 2020-07-26 02:06:35
    [charset] => utf-8
    [seller_email] => 17612111673@163.com
    [subject] => 充值订单
    [sign] => KEVPiDzKD00Kz1e3S2/8lwqxRoVhojS4lhaNgEFhO9NK9dVM+7RnuTn1m6501QwrboiPptow9KH3uhY2Wx3kTTBPXq++OkvnbvUaW2x0yphO/23WhHWvMhGjU8GlyAnGY7nKndLqjarCCBYUSGwvLar/+1qJnaoobZhzUdtTjxqsMNfWXJ0uSOhMFoP/iBVaA3wiQk6XTYNKV7Tf3Q/owE/9WZniqbkOLuf5c5OWiVZtz0c27Fs4bh36JLPnq3lV43XLqB5k7YQvQM+MGtgDVPbGAgVZjQxEX6SQdp0TVHH9lP9Yo8XKLlCllRDCphWxzsuYbUyR0ngNISJVLspM2w==
    [buyer_id] => 2088402861007963
    [invoice_amount] => 0.01
    [notify_id] => 2020072600222020636007961432102920
    [fund_bill_list] => [{"amount":"0.01","fundChannel":"ALIPAYACCOUNT"}]
    [notify_type] => trade_status_sync
    [trade_status] => TRADE_SUCCESS
    [receipt_amount] => 0.01
    [app_id] => 2021001109607866
    [buyer_pay_amount] => 0.01
    [sign_type] => RSA2
    [seller_id] => 2088531452814724
    [gmt_payment] => 2020-07-26 02:06:35
    [notify_time] => 2020-07-26 02:20:07
    [version] => 1.0
    [out_trade_no] => 214259755FFDCEAE7DAA16F8DA039FF6
    [total_amount] => 0.01
    [trade_no] => 2020072622001407961426887590
    [auth_app_id] => 2021001109607866
    [buyer_logon_id] => 317***@qq.com
    [point_amount] => 0.00
)

Array
(
    [s] => /im/app/notifyAlipay
    [gmt_create] => 2020-07-26 02:07:25
    [charset] => utf-8
    [seller_email] => 17612111673@163.com
    [subject] => 充值订单
    [sign] => uTjb0ytzC+ZqF/4gzITsnViZIzEhVtzZM2r8moauMXA5CpZ8in0pet5oPVG9646oENPObySx2tL1UIa8zmjrQmqxzzM2EmQQ7Kt2RK6vAmVRJ0el3Xg0bg3m+MAaDzwHv+C4oUrZIJfcSn6UlVI9HC3+rPjVIiNcTU9c12B7wgI+LbgOOitOwdk6wE7L13P9zrG4bH0foNs3Xq+1iC73AK7qdZOGFx2917sFggqyYFgrv8EW0jhxNbXsCLvtzw5+mPq0N3nzvQOF1zME7hsoCbR7okFG6zewwB+2r0TH3rqVbHzHYrZNl+kqKrUv9KnMLnXM+7X6suxsjYDtTYN73A==
    [buyer_id] => 2088402861007963
    [invoice_amount] => 0.01
    [notify_id] => 2020072600222020726007961431858971
    [fund_bill_list] => [{"amount":"0.01","fundChannel":"ALIPAYACCOUNT"}]
    [notify_type] => trade_status_sync
    [trade_status] => TRADE_SUCCESS
    [receipt_amount] => 0.01
    [app_id] => 2021001109607866
    [buyer_pay_amount] => 0.01
    [sign_type] => RSA2
    [seller_id] => 2088531452814724
    [gmt_payment] => 2020-07-26 02:07:25
    [notify_time] => 2020-07-26 02:21:12
    [version] => 1.0
    [out_trade_no] => 178409C052E1C1AE0176DC8D236100A7
    [total_amount] => 0.01
    [trade_no] => 2020072622001407961426884206
    [auth_app_id] => 2021001109607866
    [buyer_logon_id] => 317***@qq.com
    [point_amount] => 0.00
)

Array
(
    [s] => /im/app/notifyAlipay
    [gmt_create] => 2020-07-26 02:08:12
    [charset] => utf-8
    [seller_email] => 17612111673@163.com
    [subject] => 充值订单
    [sign] => V9YzbuGP/3xu9Oc7Nknufosd9SYzJfDkYGRdYLw0zsQ59q5JXFJuik+/9qTRx4atqbk3MCP+zFBGJwvjXgX50nZqbbERQg3NbH6Ag8zdJjvPN3nEhKiHDSCYsXRBYX4nuQDE/6vEBLhnPjpPqvP+a21PPTnviCFZmCoL4EpILI8xideE2spP7Dub/w6/lDICvqz4PQJCwfFqHFYd7/vCpesbnheHEOkWF89IF1qu5qKeWe2NLK/N1bEmqDJZuQqmsaPmbFzlEqsJm+TTJiOrN/tmJA6eT44YjX832ddAOv1+ckfci3cifydd+SKI5jBup63V3PyxtxcSUhTTBbfyfA==
    [buyer_id] => 2088402861007963
    [invoice_amount] => 0.01
    [notify_id] => 2020072600222020813007961432067350
    [fund_bill_list] => [{"amount":"0.01","fundChannel":"ALIPAYACCOUNT"}]
    [notify_type] => trade_status_sync
    [trade_status] => TRADE_SUCCESS
    [receipt_amount] => 0.01
    [app_id] => 2021001109607866
    [buyer_pay_amount] => 0.01
    [sign_type] => RSA2
    [seller_id] => 2088531452814724
    [gmt_payment] => 2020-07-26 02:08:13
    [notify_time] => 2020-07-26 02:22:23
    [version] => 1.0
    [out_trade_no] => BD0908E1D603994FECD386C955FA4DAF
    [total_amount] => 0.01
    [trade_no] => 2020072622001407961426833923
    [auth_app_id] => 2021001109607866
    [buyer_logon_id] => 317***@qq.com
    [point_amount] => 0.00
)

Array
(
    [s] => /im/app/notifyAlipay
    [gmt_create] => 2020-07-26 01:41:38
    [charset] => utf-8
    [seller_email] => 17612111673@163.com
    [subject] => 充值订单
    [sign] => bcxJ42zMskuvHQGBzlRBLaDZXi5AJTMFRsNcW3YD3KNtK/BX+kn/sLSr0BmWispKjkbT27PEud92xOz1eKz7n1aoTRnZUkqz7Ozb7NQ0IJYQco1VaomdKiSIXq6hTqmUVo3plRfytO7zERl4iQK7nQnRmpVmeh6W8ucFuvGqF4wYs6N6f2aawcaB74na/A+UOE7aWMXCPQAI5HbJFwwtuaUkUDjsLsvCPoR9U4spxetRllNcehyn4ZWWSYXp8hD2gRoOAj2cQboRs1kUdgRlbLHQovKnyE6ExOv8yTV437nRyFD8a8noSGJbKWUVxLDj+2pUB5BIIy4aGzToIp5j1A==
    [buyer_id] => 2088402861007963
    [invoice_amount] => 0.01
    [notify_id] => 2020072600222014139007961431872209
    [fund_bill_list] => [{"amount":"0.01","fundChannel":"PCREDIT"}]
    [notify_type] => trade_status_sync
    [trade_status] => TRADE_SUCCESS
    [receipt_amount] => 0.01
    [app_id] => 2021001109607866
    [buyer_pay_amount] => 0.01
    [sign_type] => RSA2
    [seller_id] => 2088531452814724
    [gmt_payment] => 2020-07-26 01:41:39
    [notify_time] => 2020-07-26 03:07:24
    [version] => 1.0
    [out_trade_no] => 519DBD5044AA367CDFB0824997EA2AB4
    [total_amount] => 0.01
    [trade_no] => 2020072622001407961426750109
    [auth_app_id] => 2021001109607866
    [buyer_logon_id] => 317***@qq.com
    [point_amount] => 0.00
)

Array
(
    [s] => /im/app/notifyAlipay
    [gmt_create] => 2020-07-27 02:44:48
    [charset] => utf-8
    [seller_email] => 17612111673@163.com
    [subject] => 充值订单
    [sign] => O+EA0ZpqjGEaCQlWhuIPujYzx7vc5Qa4E4U74M9PI5+wP2Ogu/KqcA/a/1ug9XVfyXF0HhxUlEaiNlbBgXzMwkiZxB60iFiZvfEeFNqWGIeYjP1duw9myqRx7ISxCNChUDNFFDGr9kX609uXKvtKRVfVPSlqMTreSDKhPiUdBolCBI3PaPOys0wFeNTquQKG0lv5QKmeeqDEz//kzBwPIPuExoE73wj0dJVqvbIFSrz0MLxKct9R57IfMwePmu9LTcMEecLFS3ty8nJvC07KyIyZMusrTthAkcpeLRZZ7Cn58g7PX4+STP+4xrGA19P4CT8GGZOwguEPYVSaZTKLrw==
    [buyer_id] => 2088402861007963
    [invoice_amount] => 0.01
    [notify_id] => 2020072700222024449007961432706254
    [fund_bill_list] => [{"amount":"0.01","fundChannel":"PCREDIT"}]
    [notify_type] => trade_status_sync
    [trade_status] => TRADE_SUCCESS
    [receipt_amount] => 0.01
    [app_id] => 2021001109607866
    [buyer_pay_amount] => 0.01
    [sign_type] => RSA2
    [seller_id] => 2088531452814724
    [gmt_payment] => 2020-07-27 02:44:48
    [notify_time] => 2020-07-27 02:44:49
    [version] => 1.0
    [out_trade_no] => CE5C09195A2AD85402F149C1C62A534E
    [total_amount] => 0.01
    [trade_no] => 2020072722001407961427063873
    [auth_app_id] => 2021001109607866
    [buyer_logon_id] => 317***@qq.com
    [point_amount] => 0.00
)

